2025-04-04 11:51:02.300766 - Received CBT.V508.FILE563.PDS from FILE563.XMI 
2025-04-04 11:51:02.305169 - Found $$$#DATE.txt (text/plain) in CBT.V508.FILE563.PDS, moved to PDS/$$$#DATE
2025-04-04 11:51:02.305324 - Found $$NOTE1.eml (message/rfc822) in CBT.V508.FILE563.PDS, moved to PDS/$$NOTE1
2025-04-04 11:51:02.305464 - Found $$README.txt (text/plain) in CBT.V508.FILE563.PDS, moved to PDS/$$README
2025-04-04 11:51:02.305598 - Found @FILE563.txt (text/plain) in CBT.V508.FILE563.PDS, moved to PDS/@FILE563
2025-04-04 11:51:02.305724 - Found ABEND.txt (text/plain) in CBT.V508.FILE563.PDS, moved to PDS/ABEND
2025-04-04 11:51:02.305841 - Found ABNLTRM.txt (text/plain) in CBT.V508.FILE563.PDS, moved to PDS/ABNLTRM
2025-04-04 11:51:02.305988 - Found ADDVERB.txt (text/plain) in CBT.V508.FILE563.PDS, moved to PDS/ADDVERB
2025-04-04 11:51:02.306121 - Found AFP5A.txt (text/plain) in CBT.V508.FILE563.PDS, moved to PDS/AFP5A
2025-04-04 11:51:02.306262 - Found ALLDYNCB.txt (text/plain) in CBT.V508.FILE563.PDS, moved to PDS/ALLDYNCB
2025-04-04 11:51:02.306389 - Found ALLDYNC2.txt (text/plain) in CBT.V508.FILE563.PDS, moved to PDS/ALLDYNC2
2025-04-04 11:51:02.306525 - Found ALLDYNC3.txt (text/plain) in CBT.V508.FILE563.PDS, moved to PDS/ALLDYNC3
2025-04-04 11:51:02.306652 - Found ALLDYN4.txt (text/plain) in CBT.V508.FILE563.PDS, moved to PDS/ALLDYN4
2025-04-04 11:51:02.306781 - Found BCBSEXTR.txt (text/plain) in CBT.V508.FILE563.PDS, moved to PDS/BCBSEXTR
2025-04-04 11:51:02.306917 - Found BCBSEXT2.txt (text/plain) in CBT.V508.FILE563.PDS, moved to PDS/BCBSEXT2
2025-04-04 11:51:02.307094 - Found BCBSEXT3.txt (text/plain) in CBT.V508.FILE563.PDS, moved to PDS/BCBSEXT3
2025-04-04 11:51:02.307216 - Found BMPCOBOL.txt (text/plain) in CBT.V508.FILE563.PDS, moved to PDS/BMPCOBOL
2025-04-04 11:51:02.307335 - Found BRCHVERB.txt (text/plain) in CBT.V508.FILE563.PDS, moved to PDS/BRCHVERB
2025-04-04 11:51:02.307995 - Found CALLABDP.txt (text/plain) in CBT.V508.FILE563.PDS, moved to PDS/CALLABDP
2025-04-04 11:51:02.308196 - Found CALLABOV.txt (text/plain) in CBT.V508.FILE563.PDS, moved to PDS/CALLABOV
2025-04-04 11:51:02.308390 - Found CALLALDY.txt (text/plain) in CBT.V508.FILE563.PDS, moved to PDS/CALLALDY
2025-04-04 11:51:02.308515 - Found CALLBLO.txt (text/plain) in CBT.V508.FILE563.PDS, moved to PDS/CALLBLO
2025-04-04 11:51:02.308836 - Found CALLCBLT.txt (text/plain) in CBT.V508.FILE563.PDS, moved to PDS/CALLCBLT
2025-04-04 11:51:02.309001 - Found CALLCBND.txt (text/plain) in CBT.V508.FILE563.PDS, moved to PDS/CALLCBND
2025-04-04 11:51:02.309138 - Found CALLCLMN.txt (text/plain) in CBT.V508.FILE563.PDS, moved to PDS/CALLCLMN
2025-04-04 11:51:02.309574 - Found CALLCNYY.txt (text/plain) in CBT.V508.FILE563.PDS, moved to PDS/CALLCNYY
2025-04-04 11:51:02.309735 - Found CALLCPGM.txt (text/plain) in CBT.V508.FILE563.PDS, moved to PDS/CALLCPGM
2025-04-04 11:51:02.309961 - Found CALLCRVL.txt (text/plain) in CBT.V508.FILE563.PDS, moved to PDS/CALLCRVL
2025-04-04 11:51:02.310194 - Found CALLDB2A.txt (text/plain) in CBT.V508.FILE563.PDS, moved to PDS/CALLDB2A
2025-04-04 11:51:02.310355 - Found CALLDTIN.txt (text/plain) in CBT.V508.FILE563.PDS, moved to PDS/CALLDTIN
2025-04-04 11:51:02.310528 - Found CALLDYNA.txt (text/plain) in CBT.V508.FILE563.PDS, moved to PDS/CALLDYNA
2025-04-04 11:51:02.310670 - Found CALLDYN2.txt (text/plain) in CBT.V508.FILE563.PDS, moved to PDS/CALLDYN2
2025-04-04 11:51:02.310788 - Found CALLFILE.txt (text/plain) in CBT.V508.FILE563.PDS, moved to PDS/CALLFILE
2025-04-04 11:51:02.310932 - Found CALLGDCB.txt (text/plain) in CBT.V508.FILE563.PDS, moved to PDS/CALLGDCB
2025-04-04 11:51:02.311066 - Found CALLGDG.txt (text/plain) in CBT.V508.FILE563.PDS, moved to PDS/CALLGDG
2025-04-04 11:51:02.311214 - Found CALLGDSN.txt (text/plain) in CBT.V508.FILE563.PDS, moved to PDS/CALLGDSN
2025-04-04 11:51:02.311401 - Found CALLGRPC.txt (text/plain) in CBT.V508.FILE563.PDS, moved to PDS/CALLGRPC
2025-04-04 11:51:02.311582 - Found CALLGTDS.txt (text/plain) in CBT.V508.FILE563.PDS, moved to PDS/CALLGTDS
2025-04-04 11:51:02.312032 - Found CALLGTDT.txt (text/plain) in CBT.V508.FILE563.PDS, moved to PDS/CALLGTDT
2025-04-04 11:51:02.312407 - Found CALLGTD3.txt (text/plain) in CBT.V508.FILE563.PDS, moved to PDS/CALLGTD3
2025-04-04 11:51:02.312571 - Found CALLGTVL.txt (text/plain) in CBT.V508.FILE563.PDS, moved to PDS/CALLGTVL
2025-04-04 11:51:02.312710 - Found CALLGTVM.txt (text/plain) in CBT.V508.FILE563.PDS, moved to PDS/CALLGTVM
2025-04-04 11:51:02.312828 - Found CALLJBIN.txt (text/plain) in CBT.V508.FILE563.PDS, moved to PDS/CALLJBIN
2025-04-04 11:51:02.312980 - Found CALLMLCK.txt (text/plain) in CBT.V508.FILE563.PDS, moved to PDS/CALLMLCK
2025-04-04 11:51:02.313099 - Found CALLPASS.txt (text/plain) in CBT.V508.FILE563.PDS, moved to PDS/CALLPASS
2025-04-04 11:51:02.313226 - Found CALLRNMF.txt (text/plain) in CBT.V508.FILE563.PDS, moved to PDS/CALLRNMF
2025-04-04 11:51:02.313365 - Found CALLSNAP.txt (text/plain) in CBT.V508.FILE563.PDS, moved to PDS/CALLSNAP
2025-04-04 11:51:02.313571 - Found CALLSVDA.txt (text/plain) in CBT.V508.FILE563.PDS, moved to PDS/CALLSVDA
2025-04-04 11:51:02.313717 - Found CALLVERB.txt (text/plain) in CBT.V508.FILE563.PDS, moved to PDS/CALLVERB
2025-04-04 11:51:02.314091 - Found CALLVOLS.txt (text/plain) in CBT.V508.FILE563.PDS, moved to PDS/CALLVOLS
2025-04-04 11:51:02.314425 - Found CALLWAIT.txt (text/plain) in CBT.V508.FILE563.PDS, moved to PDS/CALLWAIT
2025-04-04 11:51:02.314604 - Found CALLWTO.txt (text/plain) in CBT.V508.FILE563.PDS, moved to PDS/CALLWTO
2025-04-04 11:51:02.314736 - Found CALL095C.txt (text/plain) in CBT.V508.FILE563.PDS, moved to PDS/CALL095C
2025-04-04 11:51:02.314865 - Found CALL31BT.txt (text/plain) in CBT.V508.FILE563.PDS, moved to PDS/CALL31BT
2025-04-04 11:51:02.314999 - Found CBL2TRAC.txt (text/plain) in CBT.V508.FILE563.PDS, moved to PDS/CBL2TRAC
2025-04-04 11:51:02.315158 - Found CHECKTIM.txt (text/plain) in CBT.V508.FILE563.PDS, moved to PDS/CHECKTIM
2025-04-04 11:51:02.315283 - Found CHEKCOPY.txt (text/plain) in CBT.V508.FILE563.PDS, moved to PDS/CHEKCOPY
2025-04-04 11:51:02.315400 - Found CHGDDNAM.txt (text/plain) in CBT.V508.FILE563.PDS, moved to PDS/CHGDDNAM
2025-04-04 11:51:02.315569 - Found CHKPARMS.txt (text/plain) in CBT.V508.FILE563.PDS, moved to PDS/CHKPARMS
2025-04-04 11:51:02.315696 - Found CHKRECD.bin (application/octet-stream) in CBT.V508.FILE563.PDS, moved to PDS/CHKRECD
2025-04-04 11:51:02.316207 - Found CMPRMACH.txt (text/plain) in CBT.V508.FILE563.PDS, moved to PDS/CMPRMACH
2025-04-04 11:51:02.316353 - Found CNV32BIT.txt (text/plain) in CBT.V508.FILE563.PDS, moved to PDS/CNV32BIT
2025-04-04 11:51:02.316500 - Found COBLMSGS.txt (text/plain) in CBT.V508.FILE563.PDS, moved to PDS/COBLMSGS
2025-04-04 11:51:02.316618 - Found COBLSORT.txt (text/plain) in CBT.V508.FILE563.PDS, moved to PDS/COBLSORT
2025-04-04 11:51:02.316761 - Found COBLUTIL.txt (text/plain) in CBT.V508.FILE563.PDS, moved to PDS/COBLUTIL
2025-04-04 11:51:02.316899 - Found COBSUBD1.txt (text/plain) in CBT.V508.FILE563.PDS, moved to PDS/COBSUBD1
2025-04-04 11:51:02.317024 - Found COBSUBD2.txt (text/plain) in CBT.V508.FILE563.PDS, moved to PDS/COBSUBD2
2025-04-04 11:51:02.317147 - Found COBSUBS1.txt (text/plain) in CBT.V508.FILE563.PDS, moved to PDS/COBSUBS1
2025-04-04 11:51:02.317272 - Found COBSUBS2.txt (text/plain) in CBT.V508.FILE563.PDS, moved to PDS/COBSUBS2
2025-04-04 11:51:02.317393 - Found COBVMAIN.txt (text/plain) in CBT.V508.FILE563.PDS, moved to PDS/COBVMAIN
2025-04-04 11:51:02.317524 - Found COBVSSR.txt (text/plain) in CBT.V508.FILE563.PDS, moved to PDS/COBVSSR
2025-04-04 11:51:02.317655 - Found COBVSUBR.txt (text/plain) in CBT.V508.FILE563.PDS, moved to PDS/COBVSUBR
2025-04-04 11:51:02.317798 - Found COBVSUB1.txt (text/plain) in CBT.V508.FILE563.PDS, moved to PDS/COBVSUB1
2025-04-04 11:51:02.317939 - Found COBVSUB2.txt (text/plain) in CBT.V508.FILE563.PDS, moved to PDS/COBVSUB2
2025-04-04 11:51:02.318066 - Found COB2DSPL.txt (text/plain) in CBT.V508.FILE563.PDS, moved to PDS/COB2DSPL
2025-04-04 11:51:02.318205 - Found COB2MAIN.txt (text/plain) in CBT.V508.FILE563.PDS, moved to PDS/COB2MAIN
2025-04-04 11:51:02.318321 - Found COB2RES.txt (text/plain) in CBT.V508.FILE563.PDS, moved to PDS/COB2RES
2025-04-04 11:51:02.318448 - Found COB2SSR.txt (text/plain) in CBT.V508.FILE563.PDS, moved to PDS/COB2SSR
2025-04-04 11:51:02.318578 - Found COB2SUBR.txt (text/plain) in CBT.V508.FILE563.PDS, moved to PDS/COB2SUBR
2025-04-04 11:51:02.318705 - Found COB2SUB1.txt (text/plain) in CBT.V508.FILE563.PDS, moved to PDS/COB2SUB1
2025-04-04 11:51:02.318842 - Found COB2SUB2.txt (text/plain) in CBT.V508.FILE563.PDS, moved to PDS/COB2SUB2
2025-04-04 11:51:02.318965 - Found COB3MAIN.txt (text/plain) in CBT.V508.FILE563.PDS, moved to PDS/COB3MAIN
2025-04-04 11:51:02.319081 - Found CONTINU.txt (text/plain) in CBT.V508.FILE563.PDS, moved to PDS/CONTINU
2025-04-04 11:51:02.319228 - Found COPYERRS.txt (text/plain) in CBT.V508.FILE563.PDS, moved to PDS/COPYERRS
2025-04-04 11:51:02.319339 - Found COPYFILE.txt (text/plain) in CBT.V508.FILE563.PDS, moved to PDS/COPYFILE
2025-04-04 11:51:02.319457 - Found COPYTEST.txt (text/plain) in CBT.V508.FILE563.PDS, moved to PDS/COPYTEST
2025-04-04 11:51:02.319571 - Found CRE8VSAM.txt (text/plain) in CBT.V508.FILE563.PDS, moved to PDS/CRE8VSAM
2025-04-04 11:51:02.319695 - Found CTLBLOX2.txt (text/plain) in CBT.V508.FILE563.PDS, moved to PDS/CTLBLOX2
2025-04-04 11:51:02.319809 - Found CTLBLOX3.txt (text/plain) in CBT.V508.FILE563.PDS, moved to PDS/CTLBLOX3
2025-04-04 11:51:02.319942 - Found CTLBLOX4.txt (text/plain) in CBT.V508.FILE563.PDS, moved to PDS/CTLBLOX4
2025-04-04 11:51:02.320077 - Found CTRLBLOX.txt (text/plain) in CBT.V508.FILE563.PDS, moved to PDS/CTRLBLOX
2025-04-04 11:51:02.320208 - Found C1UEXT02.txt (text/plain) in CBT.V508.FILE563.PDS, moved to PDS/C1UEXT02
2025-04-04 11:51:02.320347 - Found DATEINFO.txt (text/plain) in CBT.V508.FILE563.PDS, moved to PDS/DATEINFO
2025-04-04 11:51:02.320471 - Found DATES.txt (text/plain) in CBT.V508.FILE563.PDS, moved to PDS/DATES
2025-04-04 11:51:02.320586 - Found DYNAMSB1.txt (text/plain) in CBT.V508.FILE563.PDS, moved to PDS/DYNAMSB1
2025-04-04 11:51:02.320735 - Found EMP.txt (text/plain) in CBT.V508.FILE563.PDS, moved to PDS/EMP
2025-04-04 11:51:02.320863 - Found ERRMSG.txt (text/plain) in CBT.V508.FILE563.PDS, moved to PDS/ERRMSG
2025-04-04 11:51:02.320985 - Found FILLBLOW.txt (text/plain) in CBT.V508.FILE563.PDS, moved to PDS/FILLBLOW
2025-04-04 11:51:02.321151 - Found FLTPNT.txt (text/plain) in CBT.V508.FILE563.PDS, moved to PDS/FLTPNT
2025-04-04 11:51:02.321282 - Found GENLDAT2.txt (text/plain) in CBT.V508.FILE563.PDS, moved to PDS/GENLDAT2
2025-04-04 11:51:02.321413 - Found GETJOBN.txt (text/plain) in CBT.V508.FILE563.PDS, moved to PDS/GETJOBN
2025-04-04 11:51:02.321950 - Found GTULRECL.txt (text/plain) in CBT.V508.FILE563.PDS, moved to PDS/GTULRECL
2025-04-04 11:51:02.322093 - Found MCTFSEQ.txt (text/plain) in CBT.V508.FILE563.PDS, moved to PDS/MCTFSEQ
2025-04-04 11:51:02.322223 - Found MRRECCOB.txt (text/plain) in CBT.V508.FILE563.PDS, moved to PDS/MRRECCOB
2025-04-04 11:51:02.322409 - Found MULTPROG.txt (text/plain) in CBT.V508.FILE563.PDS, moved to PDS/MULTPROG
2025-04-04 11:51:02.322522 - Found MULTTEST.txt (text/plain) in CBT.V508.FILE563.PDS, moved to PDS/MULTTEST
2025-04-04 11:51:02.322645 - Found PAYROLL.txt (text/plain) in CBT.V508.FILE563.PDS, moved to PDS/PAYROLL
2025-04-04 11:51:02.322758 - Found POINTER1.txt (text/plain) in CBT.V508.FILE563.PDS, moved to PDS/POINTER1
2025-04-04 11:51:02.322875 - Found POINTER2.txt (text/plain) in CBT.V508.FILE563.PDS, moved to PDS/POINTER2
2025-04-04 11:51:02.322986 - Found POINTER3.txt (text/plain) in CBT.V508.FILE563.PDS, moved to PDS/POINTER3
2025-04-04 11:51:02.323117 - Found PRTCC.txt (text/plain) in CBT.V508.FILE563.PDS, moved to PDS/PRTCC
2025-04-04 11:51:02.323246 - Found PRTFPRAN.txt (text/plain) in CBT.V508.FILE563.PDS, moved to PDS/PRTFPRAN
2025-04-04 11:51:02.323466 - Found PRTHEX.txt (text/plain) in CBT.V508.FILE563.PDS, moved to PDS/PRTHEX
2025-04-04 11:51:02.323594 - Found PRTINFO.txt (text/plain) in CBT.V508.FILE563.PDS, moved to PDS/PRTINFO
2025-04-04 11:51:02.323858 - Found RANDMCTF.txt (text/plain) in CBT.V508.FILE563.PDS, moved to PDS/RANDMCTF
2025-04-04 11:51:02.324018 - Found RANDXREF.txt (text/plain) in CBT.V508.FILE563.PDS, moved to PDS/RANDXREF
2025-04-04 11:51:02.324152 - Found READCVT.txt (text/plain) in CBT.V508.FILE563.PDS, moved to PDS/READCVT
2025-04-04 11:51:02.324277 - Found RECDEF.bin (application/octet-stream) in CBT.V508.FILE563.PDS, moved to PDS/RECDEF
2025-04-04 11:51:02.324406 - Found REFORMAT.txt (text/plain) in CBT.V508.FILE563.PDS, moved to PDS/REFORMAT
2025-04-04 11:51:02.324526 - Found RZZMIX.txt (text/plain) in CBT.V508.FILE563.PDS, moved to PDS/RZZMIX
2025-04-04 11:51:02.324646 - Found SETUPBLL.txt (text/plain) in CBT.V508.FILE563.PDS, moved to PDS/SETUPBLL
2025-04-04 11:51:02.324777 - Found SKELETON.txt (text/plain) in CBT.V508.FILE563.PDS, moved to PDS/SKELETON
2025-04-04 11:51:02.324891 - Found SORTVERB.txt (text/plain) in CBT.V508.FILE563.PDS, moved to PDS/SORTVERB
2025-04-04 11:51:02.325015 - Found SRTSVC99.txt (text/plain) in CBT.V508.FILE563.PDS, moved to PDS/SRTSVC99
2025-04-04 11:51:02.325150 - Found STARTREK.txt (text/plain) in CBT.V508.FILE563.PDS, moved to PDS/STARTREK
2025-04-04 11:51:02.325280 - Found SUBANAL.txt (text/plain) in CBT.V508.FILE563.PDS, moved to PDS/SUBANAL
2025-04-04 11:51:02.325407 - Found TGTCOBV.txt (text/plain) in CBT.V508.FILE563.PDS, moved to PDS/TGTCOBV
2025-04-04 11:51:02.325550 - Found TSTDYNA.txt (text/plain) in CBT.V508.FILE563.PDS, moved to PDS/TSTDYNA
2025-04-04 11:51:02.325676 - Found TSTFREPL.txt (text/plain) in CBT.V508.FILE563.PDS, moved to PDS/TSTFREPL
2025-04-04 11:51:02.325802 - Found TSTGNLDT.txt (text/plain) in CBT.V508.FILE563.PDS, moved to PDS/TSTGNLDT
2025-04-04 11:51:02.325913 - Found TWOPROG.txt (text/plain) in CBT.V508.FILE563.PDS, moved to PDS/TWOPROG
2025-04-04 11:51:02.326038 - Found VERBCHEK.txt (text/plain) in CBT.V508.FILE563.PDS, moved to PDS/VERBCHEK
2025-04-04 11:51:02.327546 - Found VSAMVERB.txt (text/plain) in CBT.V508.FILE563.PDS, moved to PDS/VSAMVERB
2025-04-04 11:51:02.327664 - Found WRTFBA.txt (text/plain) in CBT.V508.FILE563.PDS, moved to PDS/WRTFBA
2025-04-04 11:51:02.327782 - Found WRTQSAM.txt (text/plain) in CBT.V508.FILE563.PDS, moved to PDS/WRTQSAM
2025-04-04 11:51:02.327927 - Found WRTVRBL.txt (text/plain) in CBT.V508.FILE563.PDS, moved to PDS/WRTVRBL
2025-04-04 11:51:02.328074 - Found XFOOT.txt (text/plain) in CBT.V508.FILE563.PDS, moved to PDS/XFOOT
